
--------------------------------------------------
TXLib соболезнует...

Программа: C:\Users\agniy\ded\stack\build\strfunc.exe,

ВНЕЗАПНО: signal (22, 0x00): SIGABRT: Аварийное завершение программы, вызвана функция abort(). 

С помощью функции signal() вы можете сами обработать эту ошибку.

#1: TXLib [Ver: 00173a, Rev: 173, Date: 2024-06-23 22:37:05 +0400], Instance: 0x005072FC (32-bit), Flags: Cmdre0, Thread: 0x46E8 (Main). 

--------------------------------------------------
Стек вызовов:



--------------------------------------------------
Developed with:

The Dumb Artist Library (TX Library)
TXLib [Ver: 00173a, Rev: 173, Date: 2024-06-23 22:37:05 +0400]
Copyright (C) Ded (Ilya Dedinsky, http://txlib.ru) <mail@txlib.ru>
See license on: http://txlib.ru

TXLib file:	c:\users\agniy\ded\codeblocks\mingw\include\txlib.h
Compiled:	Sep 27 2024 22:21:16, GNU g++ 4.8.1, std=201103L, MinGW Runtime 3.20, 32-bit, DEBUG
Started:	Sep 27 2024 22:21:25

Run file:	C:\Users\agniy\ded\stack\build\strfunc.exe
Directory:	C:\Users\agniy\ded\stack

--------------------------------------------------

--------------------------------------------------
TXLib соболезнует...

Программа: C:\Users\agniy\ded\stack\build\strfunc.exe,

ВНЕЗАПНО: signal (22, 0x00): SIGABRT: Аварийное завершение программы, вызвана функция abort(). 

С помощью функции signal() вы можете сами обработать эту ошибку.

#1: TXLib [Ver: 00173a, Rev: 173, Date: 2024-06-23 22:37:05 +0400], Instance: 0x005072FC (32-bit), Flags: Cmdre0, Thread: 0x200 (Main). 

--------------------------------------------------
Стек вызовов:



--------------------------------------------------
Developed with:

The Dumb Artist Library (TX Library)
TXLib [Ver: 00173a, Rev: 173, Date: 2024-06-23 22:37:05 +0400]
Copyright (C) Ded (Ilya Dedinsky, http://txlib.ru) <mail@txlib.ru>
See license on: http://txlib.ru

TXLib file:	c:\users\agniy\ded\codeblocks\mingw\include\txlib.h
Compiled:	Sep 27 2024 22:22:17, GNU g++ 4.8.1, std=201103L, MinGW Runtime 3.20, 32-bit, DEBUG
Started:	Sep 27 2024 22:22:27

Run file:	C:\Users\agniy\ded\stack\build\strfunc.exe
Directory:	C:\Users\agniy\ded\stack

--------------------------------------------------

--------------------------------------------------
TXLib соболезнует...

Программа: C:\Users\agniy\ded\stack\build\strfunc.exe,

ВНЕЗАПНО: signal (22, 0x00): SIGABRT: Аварийное завершение программы, вызвана функция abort(). 

С помощью функции signal() вы можете сами обработать эту ошибку.

#1: TXLib [Ver: 00173a, Rev: 173, Date: 2024-06-23 22:37:05 +0400], Instance: 0x005072FC (32-bit), Flags: Cmdre0, Thread: 0x1EA8 (Main). 

--------------------------------------------------
Стек вызовов:



--------------------------------------------------
Developed with:

The Dumb Artist Library (TX Library)
TXLib [Ver: 00173a, Rev: 173, Date: 2024-06-23 22:37:05 +0400]
Copyright (C) Ded (Ilya Dedinsky, http://txlib.ru) <mail@txlib.ru>
See license on: http://txlib.ru

TXLib file:	c:\users\agniy\ded\codeblocks\mingw\include\txlib.h
Compiled:	Sep 27 2024 22:25:52, GNU g++ 4.8.1, std=201103L, MinGW Runtime 3.20, 32-bit, DEBUG
Started:	Sep 27 2024 22:26:01

Run file:	C:\Users\agniy\ded\stack\build\strfunc.exe
Directory:	C:\Users\agniy\ded\stack

--------------------------------------------------

--------------------------------------------------
TXLib соболезнует...

Программа: C:\Users\agniy\ded\stack\build\strfunc.exe,

ВНЕЗАПНО: signal (22, 0x00): SIGABRT: Аварийное завершение программы, вызвана функция abort(). 

С помощью функции signal() вы можете сами обработать эту ошибку.

#1: TXLib [Ver: 00173a, Rev: 173, Date: 2024-06-23 22:37:05 +0400], Instance: 0x005072FC (32-bit), Flags: Cmdre0, Thread: 0x4548 (Main). 

--------------------------------------------------
Стек вызовов:



--------------------------------------------------
Developed with:

The Dumb Artist Library (TX Library)
TXLib [Ver: 00173a, Rev: 173, Date: 2024-06-23 22:37:05 +0400]
Copyright (C) Ded (Ilya Dedinsky, http://txlib.ru) <mail@txlib.ru>
See license on: http://txlib.ru

TXLib file:	c:\users\agniy\ded\codeblocks\mingw\include\txlib.h
Compiled:	Sep 27 2024 22:27:16, GNU g++ 4.8.1, std=201103L, MinGW Runtime 3.20, 32-bit, DEBUG
Started:	Sep 27 2024 22:27:25

Run file:	C:\Users\agniy\ded\stack\build\strfunc.exe
Directory:	C:\Users\agniy\ded\stack

--------------------------------------------------

--------------------------------------------------
TXLib соболезнует...

Программа: C:\Users\agniy\ded\stack\build\strfunc.exe,

ВНЕЗАПНО: signal (22, 0x00): SIGABRT: Аварийное завершение программы, вызвана функция abort(). 

С помощью функции signal() вы можете сами обработать эту ошибку.

#1: TXLib [Ver: 00173a, Rev: 173, Date: 2024-06-23 22:37:05 +0400], Instance: 0x005072FC (32-bit), Flags: Cmdre0, Thread: 0x10AC (Main). 

--------------------------------------------------
Стек вызовов:



--------------------------------------------------
Developed with:

The Dumb Artist Library (TX Library)
TXLib [Ver: 00173a, Rev: 173, Date: 2024-06-23 22:37:05 +0400]
Copyright (C) Ded (Ilya Dedinsky, http://txlib.ru) <mail@txlib.ru>
See license on: http://txlib.ru

TXLib file:	c:\users\agniy\ded\codeblocks\mingw\include\txlib.h
Compiled:	Sep 27 2024 22:27:47, GNU g++ 4.8.1, std=201103L, MinGW Runtime 3.20, 32-bit, DEBUG
Started:	Sep 27 2024 22:27:57

Run file:	C:\Users\agniy\ded\stack\build\strfunc.exe
Directory:	C:\Users\agniy\ded\stack

--------------------------------------------------

--------------------------------------------------
TXLib соболезнует...

Программа: C:\Users\agniy\ded\stack\build\strfunc.exe,

ВНЕЗАПНО: signal (22, 0x00): SIGABRT: Аварийное завершение программы, вызвана функция abort(). 

С помощью функции signal() вы можете сами обработать эту ошибку.

#1: TXLib [Ver: 00173a, Rev: 173, Date: 2024-06-23 22:37:05 +0400], Instance: 0x005072FC (32-bit), Flags: Cmdre0, Thread: 0x298C (Main). 

--------------------------------------------------
Стек вызовов:



--------------------------------------------------
Developed with:

The Dumb Artist Library (TX Library)
TXLib [Ver: 00173a, Rev: 173, Date: 2024-06-23 22:37:05 +0400]
Copyright (C) Ded (Ilya Dedinsky, http://txlib.ru) <mail@txlib.ru>
See license on: http://txlib.ru

TXLib file:	c:\users\agniy\ded\codeblocks\mingw\include\txlib.h
Compiled:	Sep 27 2024 22:49:54, GNU g++ 4.8.1, std=201103L, MinGW Runtime 3.20, 32-bit, DEBUG
Started:	Sep 27 2024 22:50:03

Run file:	C:\Users\agniy\ded\stack\build\strfunc.exe
Directory:	C:\Users\agniy\ded\stack

--------------------------------------------------

--------------------------------------------------
TXLib соболезнует...

Программа: C:\Users\agniy\ded\stack\build\strfunc.exe,

ВНЕЗАПНО: signal (22, 0x00): SIGABRT: Аварийное завершение программы, вызвана функция abort(). 

С помощью функции signal() вы можете сами обработать эту ошибку.

#1: TXLib [Ver: 00173a, Rev: 173, Date: 2024-06-23 22:37:05 +0400], Instance: 0x005072FC (32-bit), Flags: Cmdre0, Thread: 0x46A8 (Main). 

--------------------------------------------------
Стек вызовов:



--------------------------------------------------
Developed with:

The Dumb Artist Library (TX Library)
TXLib [Ver: 00173a, Rev: 173, Date: 2024-06-23 22:37:05 +0400]
Copyright (C) Ded (Ilya Dedinsky, http://txlib.ru) <mail@txlib.ru>
See license on: http://txlib.ru

TXLib file:	c:\users\agniy\ded\codeblocks\mingw\include\txlib.h
Compiled:	Sep 27 2024 23:01:18, GNU g++ 4.8.1, std=201103L, MinGW Runtime 3.20, 32-bit, DEBUG
Started:	Sep 27 2024 23:01:27

Run file:	C:\Users\agniy\ded\stack\build\strfunc.exe
Directory:	C:\Users\agniy\ded\stack

--------------------------------------------------

--------------------------------------------------
TXLib соболезнует...

Программа: C:\Users\agniy\ded\stack\build\strfunc.exe,

ВНЕЗАПНО: signal (22, 0x00): SIGABRT: Аварийное завершение программы, вызвана функция abort(). 

С помощью функции signal() вы можете сами обработать эту ошибку.

#1: TXLib [Ver: 00173a, Rev: 173, Date: 2024-06-23 22:37:05 +0400], Instance: 0x005072FC (32-bit), Flags: Cmdre0, Thread: 0x3718 (Main). 

--------------------------------------------------
Стек вызовов:



--------------------------------------------------
Developed with:

The Dumb Artist Library (TX Library)
TXLib [Ver: 00173a, Rev: 173, Date: 2024-06-23 22:37:05 +0400]
Copyright (C) Ded (Ilya Dedinsky, http://txlib.ru) <mail@txlib.ru>
See license on: http://txlib.ru

TXLib file:	c:\users\agniy\ded\codeblocks\mingw\include\txlib.h
Compiled:	Sep 27 2024 23:07:55, GNU g++ 4.8.1, std=201103L, MinGW Runtime 3.20, 32-bit, DEBUG
Started:	Sep 27 2024 23:08:04

Run file:	C:\Users\agniy\ded\stack\build\strfunc.exe
Directory:	C:\Users\agniy\ded\stack

--------------------------------------------------

--------------------------------------------------
TXLib соболезнует...

Программа: C:\Users\agniy\ded\stack\build\strfunc.exe,

ВНЕЗАПНО: signal (22, 0x00): SIGABRT: Аварийное завершение программы, вызвана функция abort(). 

С помощью функции signal() вы можете сами обработать эту ошибку.

#1: TXLib [Ver: 00173a, Rev: 173, Date: 2024-06-23 22:37:05 +0400], Instance: 0x005072FC (32-bit), Flags: Cmdre0, Thread: 0xE18 (Main). 

--------------------------------------------------
Стек вызовов:



--------------------------------------------------
Developed with:

The Dumb Artist Library (TX Library)
TXLib [Ver: 00173a, Rev: 173, Date: 2024-06-23 22:37:05 +0400]
Copyright (C) Ded (Ilya Dedinsky, http://txlib.ru) <mail@txlib.ru>
See license on: http://txlib.ru

TXLib file:	c:\users\agniy\ded\codeblocks\mingw\include\txlib.h
Compiled:	Sep 27 2024 23:09:44, GNU g++ 4.8.1, std=201103L, MinGW Runtime 3.20, 32-bit, DEBUG
Started:	Sep 27 2024 23:09:54

Run file:	C:\Users\agniy\ded\stack\build\strfunc.exe
Directory:	C:\Users\agniy\ded\stack

--------------------------------------------------

--------------------------------------------------
TXLib соболезнует...

Программа: C:\Users\agniy\ded\stack\build\strfunc.exe,

ВНЕЗАПНО: signal (22, 0x00): SIGABRT: Аварийное завершение программы, вызвана функция abort(). 

С помощью функции signal() вы можете сами обработать эту ошибку.

#1: TXLib [Ver: 00173a, Rev: 173, Date: 2024-06-23 22:37:05 +0400], Instance: 0x005072FC (32-bit), Flags: Cmdre0, Thread: 0x32DC (Main). 

--------------------------------------------------
Стек вызовов:



--------------------------------------------------
Developed with:

The Dumb Artist Library (TX Library)
TXLib [Ver: 00173a, Rev: 173, Date: 2024-06-23 22:37:05 +0400]
Copyright (C) Ded (Ilya Dedinsky, http://txlib.ru) <mail@txlib.ru>
See license on: http://txlib.ru

TXLib file:	c:\users\agniy\ded\codeblocks\mingw\include\txlib.h
Compiled:	Sep 27 2024 23:15:21, GNU g++ 4.8.1, std=201103L, MinGW Runtime 3.20, 32-bit, DEBUG
Started:	Sep 27 2024 23:15:29

Run file:	C:\Users\agniy\ded\stack\build\strfunc.exe
Directory:	C:\Users\agniy\ded\stack

--------------------------------------------------

--------------------------------------------------
TXLib соболезнует...

Программа: C:\Users\agniy\ded\stack\build\strfunc.exe,

ВНЕЗАПНО: signal (22, 0x00): SIGABRT: Аварийное завершение программы, вызвана функция abort(). 

С помощью функции signal() вы можете сами обработать эту ошибку.

#1: TXLib [Ver: 00173a, Rev: 173, Date: 2024-06-23 22:37:05 +0400], Instance: 0x005072FC (32-bit), Flags: Cmdre0, Thread: 0x1234 (Main). 

--------------------------------------------------
Стек вызовов:



--------------------------------------------------
Developed with:

The Dumb Artist Library (TX Library)
TXLib [Ver: 00173a, Rev: 173, Date: 2024-06-23 22:37:05 +0400]
Copyright (C) Ded (Ilya Dedinsky, http://txlib.ru) <mail@txlib.ru>
See license on: http://txlib.ru

TXLib file:	c:\users\agniy\ded\codeblocks\mingw\include\txlib.h
Compiled:	Sep 27 2024 23:19:53, GNU g++ 4.8.1, std=201103L, MinGW Runtime 3.20, 32-bit, DEBUG
Started:	Sep 27 2024 23:20:02

Run file:	C:\Users\agniy\ded\stack\build\strfunc.exe
Directory:	C:\Users\agniy\ded\stack

--------------------------------------------------

--------------------------------------------------
TXLib соболезнует...

Программа: C:\Users\agniy\ded\stack\build\strfunc.exe,

ВНЕЗАПНО: signal (22, 0x00): SIGABRT: Аварийное завершение программы, вызвана функция abort(). 

С помощью функции signal() вы можете сами обработать эту ошибку.

#1: TXLib [Ver: 00173a, Rev: 173, Date: 2024-06-23 22:37:05 +0400], Instance: 0x005072FC (32-bit), Flags: Cmdre0, Thread: 0x35F4 (Main). 

--------------------------------------------------
Стек вызовов:



--------------------------------------------------
Developed with:

The Dumb Artist Library (TX Library)
TXLib [Ver: 00173a, Rev: 173, Date: 2024-06-23 22:37:05 +0400]
Copyright (C) Ded (Ilya Dedinsky, http://txlib.ru) <mail@txlib.ru>
See license on: http://txlib.ru

TXLib file:	c:\users\agniy\ded\codeblocks\mingw\include\txlib.h
Compiled:	Sep 27 2024 23:20:49, GNU g++ 4.8.1, std=201103L, MinGW Runtime 3.20, 32-bit, DEBUG
Started:	Sep 27 2024 23:20:58

Run file:	C:\Users\agniy\ded\stack\build\strfunc.exe
Directory:	C:\Users\agniy\ded\stack

--------------------------------------------------

--------------------------------------------------
TXLib соболезнует...

Программа: C:\Users\agniy\ded\stack\build\strfunc.exe,

ВНЕЗАПНО: signal (22, 0x00): SIGABRT: Аварийное завершение программы, вызвана функция abort(). 

С помощью функции signal() вы можете сами обработать эту ошибку.

#1: TXLib [Ver: 00173a, Rev: 173, Date: 2024-06-23 22:37:05 +0400], Instance: 0x005072FC (32-bit), Flags: Cmdre0, Thread: 0x3930 (Main). 

--------------------------------------------------
Стек вызовов:



--------------------------------------------------
Developed with:

The Dumb Artist Library (TX Library)
TXLib [Ver: 00173a, Rev: 173, Date: 2024-06-23 22:37:05 +0400]
Copyright (C) Ded (Ilya Dedinsky, http://txlib.ru) <mail@txlib.ru>
See license on: http://txlib.ru

TXLib file:	c:\users\agniy\ded\codeblocks\mingw\include\txlib.h
Compiled:	Sep 27 2024 23:24:13, GNU g++ 4.8.1, std=201103L, MinGW Runtime 3.20, 32-bit, DEBUG
Started:	Sep 27 2024 23:24:22

Run file:	C:\Users\agniy\ded\stack\build\strfunc.exe
Directory:	C:\Users\agniy\ded\stack

--------------------------------------------------

--------------------------------------------------
TXLib соболезнует...

Программа: C:\Users\agniy\ded\stack\build\strfunc.exe,

ВНЕЗАПНО: signal (22, 0x00): SIGABRT: Аварийное завершение программы, вызвана функция abort(). 

С помощью функции signal() вы можете сами обработать эту ошибку.

#1: TXLib [Ver: 00173a, Rev: 173, Date: 2024-06-23 22:37:05 +0400], Instance: 0x005072FC (32-bit), Flags: Cmdre0, Thread: 0x3F50 (Main). 

--------------------------------------------------
Стек вызовов:



--------------------------------------------------
Developed with:

The Dumb Artist Library (TX Library)
TXLib [Ver: 00173a, Rev: 173, Date: 2024-06-23 22:37:05 +0400]
Copyright (C) Ded (Ilya Dedinsky, http://txlib.ru) <mail@txlib.ru>
See license on: http://txlib.ru

TXLib file:	c:\users\agniy\ded\codeblocks\mingw\include\txlib.h
Compiled:	Sep 27 2024 23:25:34, GNU g++ 4.8.1, std=201103L, MinGW Runtime 3.20, 32-bit, DEBUG
Started:	Sep 27 2024 23:25:43

Run file:	C:\Users\agniy\ded\stack\build\strfunc.exe
Directory:	C:\Users\agniy\ded\stack

--------------------------------------------------

--------------------------------------------------
TXLib соболезнует...

Программа: C:\Users\agniy\ded\stack\build\strfunc.exe,

ВНЕЗАПНО: signal (22, 0x00): SIGABRT: Аварийное завершение программы, вызвана функция abort(). 

С помощью функции signal() вы можете сами обработать эту ошибку.

#1: TXLib [Ver: 00173a, Rev: 173, Date: 2024-06-23 22:37:05 +0400], Instance: 0x005072FC (32-bit), Flags: Cmdre0, Thread: 0x2EDC (Main). 

--------------------------------------------------
Стек вызовов:



--------------------------------------------------
Developed with:

The Dumb Artist Library (TX Library)
TXLib [Ver: 00173a, Rev: 173, Date: 2024-06-23 22:37:05 +0400]
Copyright (C) Ded (Ilya Dedinsky, http://txlib.ru) <mail@txlib.ru>
See license on: http://txlib.ru

TXLib file:	c:\users\agniy\ded\codeblocks\mingw\include\txlib.h
Compiled:	Sep 27 2024 23:28:17, GNU g++ 4.8.1, std=201103L, MinGW Runtime 3.20, 32-bit, DEBUG
Started:	Sep 27 2024 23:28:22

Run file:	C:\Users\agniy\ded\stack\build\strfunc.exe
Directory:	C:\Users\agniy\ded\stack

--------------------------------------------------

--------------------------------------------------
TXLib соболезнует...

Программа: C:\Users\agniy\ded\stack\build\strfunc.exe,

ВНЕЗАПНО: signal (22, 0x00): SIGABRT: Аварийное завершение программы, вызвана функция abort(). 

С помощью функции signal() вы можете сами обработать эту ошибку.

#1: TXLib [Ver: 00173a, Rev: 173, Date: 2024-06-23 22:37:05 +0400], Instance: 0x005072FC (32-bit), Flags: Cmdre0, Thread: 0x940 (Main). 

--------------------------------------------------
Стек вызовов:



--------------------------------------------------
Developed with:

The Dumb Artist Library (TX Library)
TXLib [Ver: 00173a, Rev: 173, Date: 2024-06-23 22:37:05 +0400]
Copyright (C) Ded (Ilya Dedinsky, http://txlib.ru) <mail@txlib.ru>
See license on: http://txlib.ru

TXLib file:	c:\users\agniy\ded\codeblocks\mingw\include\txlib.h
Compiled:	Sep 27 2024 23:29:24, GNU g++ 4.8.1, std=201103L, MinGW Runtime 3.20, 32-bit, DEBUG
Started:	Sep 27 2024 23:29:29

Run file:	C:\Users\agniy\ded\stack\build\strfunc.exe
Directory:	C:\Users\agniy\ded\stack

--------------------------------------------------

--------------------------------------------------
TXLib соболезнует...

Программа: C:\Users\agniy\ded\stack\build\strfunc.exe,

ВНЕЗАПНО: signal (22, 0x00): SIGABRT: Аварийное завершение программы, вызвана функция abort(). 

С помощью функции signal() вы можете сами обработать эту ошибку.

#1: TXLib [Ver: 00173a, Rev: 173, Date: 2024-06-23 22:37:05 +0400], Instance: 0x005072FC (32-bit), Flags: Cmdre0, Thread: 0x2010 (Main). 

--------------------------------------------------
Стек вызовов:



--------------------------------------------------
Developed with:

The Dumb Artist Library (TX Library)
TXLib [Ver: 00173a, Rev: 173, Date: 2024-06-23 22:37:05 +0400]
Copyright (C) Ded (Ilya Dedinsky, http://txlib.ru) <mail@txlib.ru>
See license on: http://txlib.ru

TXLib file:	c:\users\agniy\ded\codeblocks\mingw\include\txlib.h
Compiled:	Sep 27 2024 23:33:23, GNU g++ 4.8.1, std=201103L, MinGW Runtime 3.20, 32-bit, DEBUG
Started:	Sep 27 2024 23:33:29

Run file:	C:\Users\agniy\ded\stack\build\strfunc.exe
Directory:	C:\Users\agniy\ded\stack

--------------------------------------------------

--------------------------------------------------
TXLib соболезнует...

Программа: C:\Users\agniy\ded\stack\build\strfunc.exe,

ВНЕЗАПНО: signal (22, 0x00): SIGABRT: Аварийное завершение программы, вызвана функция abort(). 

С помощью функции signal() вы можете сами обработать эту ошибку.

#1: TXLib [Ver: 00173a, Rev: 173, Date: 2024-06-23 22:37:05 +0400], Instance: 0x005072FC (32-bit), Flags: Cmdre0, Thread: 0x2D90 (Main). 

--------------------------------------------------
Стек вызовов:



--------------------------------------------------
Developed with:

The Dumb Artist Library (TX Library)
TXLib [Ver: 00173a, Rev: 173, Date: 2024-06-23 22:37:05 +0400]
Copyright (C) Ded (Ilya Dedinsky, http://txlib.ru) <mail@txlib.ru>
See license on: http://txlib.ru

TXLib file:	c:\users\agniy\ded\codeblocks\mingw\include\txlib.h
Compiled:	Sep 27 2024 23:35:33, GNU g++ 4.8.1, std=201103L, MinGW Runtime 3.20, 32-bit, DEBUG
Started:	Sep 27 2024 23:35:39

Run file:	C:\Users\agniy\ded\stack\build\strfunc.exe
Directory:	C:\Users\agniy\ded\stack

--------------------------------------------------

--------------------------------------------------
TXLib соболезнует...

Программа: C:\Users\agniy\ded\stack\build\strfunc.exe,

ВНЕЗАПНО: signal (22, 0x00): SIGABRT: Аварийное завершение программы, вызвана функция abort(). 

С помощью функции signal() вы можете сами обработать эту ошибку.

#1: TXLib [Ver: 00173a, Rev: 173, Date: 2024-06-23 22:37:05 +0400], Instance: 0x005072FC (32-bit), Flags: Cmdre0, Thread: 0x47BC (Main). 

--------------------------------------------------
Стек вызовов:



--------------------------------------------------
Developed with:

The Dumb Artist Library (TX Library)
TXLib [Ver: 00173a, Rev: 173, Date: 2024-06-23 22:37:05 +0400]
Copyright (C) Ded (Ilya Dedinsky, http://txlib.ru) <mail@txlib.ru>
See license on: http://txlib.ru

TXLib file:	c:\users\agniy\ded\codeblocks\mingw\include\txlib.h
Compiled:	Sep 27 2024 23:35:53, GNU g++ 4.8.1, std=201103L, MinGW Runtime 3.20, 32-bit, DEBUG
Started:	Sep 27 2024 23:35:58

Run file:	C:\Users\agniy\ded\stack\build\strfunc.exe
Directory:	C:\Users\agniy\ded\stack

--------------------------------------------------

--------------------------------------------------
TXLib соболезнует...

Программа: C:\Users\agniy\ded\stack\build\strfunc.exe,

ВНЕЗАПНО: signal (22, 0x00): SIGABRT: Аварийное завершение программы, вызвана функция abort(). 

С помощью функции signal() вы можете сами обработать эту ошибку.

#1: TXLib [Ver: 00173a, Rev: 173, Date: 2024-06-23 22:37:05 +0400], Instance: 0x005072FC (32-bit), Flags: Cmdre0, Thread: 0x41D8 (Main). 

--------------------------------------------------
Стек вызовов:



--------------------------------------------------
Developed with:

The Dumb Artist Library (TX Library)
TXLib [Ver: 00173a, Rev: 173, Date: 2024-06-23 22:37:05 +0400]
Copyright (C) Ded (Ilya Dedinsky, http://txlib.ru) <mail@txlib.ru>
See license on: http://txlib.ru

TXLib file:	c:\users\agniy\ded\codeblocks\mingw\include\txlib.h
Compiled:	Sep 27 2024 23:38:45, GNU g++ 4.8.1, std=201103L, MinGW Runtime 3.20, 32-bit, DEBUG
Started:	Sep 27 2024 23:38:50

Run file:	C:\Users\agniy\ded\stack\build\strfunc.exe
Directory:	C:\Users\agniy\ded\stack

--------------------------------------------------

--------------------------------------------------
TXLib соболезнует...

Программа: C:\Users\agniy\ded\stack\build\strfunc.exe,

ВНЕЗАПНО: signal (22, 0x00): SIGABRT: Аварийное завершение программы, вызвана функция abort(). 

С помощью функции signal() вы можете сами обработать эту ошибку.

#1: TXLib [Ver: 00173a, Rev: 173, Date: 2024-06-23 22:37:05 +0400], Instance: 0x005072FC (32-bit), Flags: Cmdre0, Thread: 0x2E00 (Main). 

--------------------------------------------------
Стек вызовов:



--------------------------------------------------
Developed with:

The Dumb Artist Library (TX Library)
TXLib [Ver: 00173a, Rev: 173, Date: 2024-06-23 22:37:05 +0400]
Copyright (C) Ded (Ilya Dedinsky, http://txlib.ru) <mail@txlib.ru>
See license on: http://txlib.ru

TXLib file:	c:\users\agniy\ded\codeblocks\mingw\include\txlib.h
Compiled:	Sep 27 2024 23:40:17, GNU g++ 4.8.1, std=201103L, MinGW Runtime 3.20, 32-bit, DEBUG
Started:	Sep 27 2024 23:40:23

Run file:	C:\Users\agniy\ded\stack\build\strfunc.exe
Directory:	C:\Users\agniy\ded\stack

--------------------------------------------------

--------------------------------------------------
TXLib соболезнует...

Программа: C:\Users\agniy\ded\stack\build\strfunc.exe,

ВНЕЗАПНО: signal (22, 0x00): SIGABRT: Аварийное завершение программы, вызвана функция abort(). 

С помощью функции signal() вы можете сами обработать эту ошибку.

#1: TXLib [Ver: 00173a, Rev: 173, Date: 2024-06-23 22:37:05 +0400], Instance: 0x005072FC (32-bit), Flags: Cmdre0, Thread: 0x2894 (Main). 

--------------------------------------------------
Стек вызовов:



--------------------------------------------------
Developed with:

The Dumb Artist Library (TX Library)
TXLib [Ver: 00173a, Rev: 173, Date: 2024-06-23 22:37:05 +0400]
Copyright (C) Ded (Ilya Dedinsky, http://txlib.ru) <mail@txlib.ru>
See license on: http://txlib.ru

TXLib file:	c:\users\agniy\ded\codeblocks\mingw\include\txlib.h
Compiled:	Sep 27 2024 23:40:47, GNU g++ 4.8.1, std=201103L, MinGW Runtime 3.20, 32-bit, DEBUG
Started:	Sep 27 2024 23:40:52

Run file:	C:\Users\agniy\ded\stack\build\strfunc.exe
Directory:	C:\Users\agniy\ded\stack

--------------------------------------------------

--------------------------------------------------
TXLib соболезнует...

Программа: C:\Users\agniy\ded\stack\build\strfunc.exe,

ВНЕЗАПНО: signal (22, 0x00): SIGABRT: Аварийное завершение программы, вызвана функция abort(). 

С помощью функции signal() вы можете сами обработать эту ошибку.

#1: TXLib [Ver: 00173a, Rev: 173, Date: 2024-06-23 22:37:05 +0400], Instance: 0x005072FC (32-bit), Flags: Cmdre0, Thread: 0xD14 (Main). 

--------------------------------------------------
Стек вызовов:



--------------------------------------------------
Developed with:

The Dumb Artist Library (TX Library)
TXLib [Ver: 00173a, Rev: 173, Date: 2024-06-23 22:37:05 +0400]
Copyright (C) Ded (Ilya Dedinsky, http://txlib.ru) <mail@txlib.ru>
See license on: http://txlib.ru

TXLib file:	c:\users\agniy\ded\codeblocks\mingw\include\txlib.h
Compiled:	Sep 27 2024 23:43:28, GNU g++ 4.8.1, std=201103L, MinGW Runtime 3.20, 32-bit, DEBUG
Started:	Sep 27 2024 23:43:34

Run file:	C:\Users\agniy\ded\stack\build\strfunc.exe
Directory:	C:\Users\agniy\ded\stack

--------------------------------------------------
